This file contains any messages produced by compilers while
running configure, to aid debugging if configure makes a mistake.

It was created by configure, which was
generated by GNU Autoconf 2.63.  Invocation command line was

  $ ./configure 

## --------- ##
## Platform. ##
## --------- ##

hostname = JakobMenke-Mac
uname -m = x86_64
uname -r = 16.6.0
uname -s = Darwin
uname -v = Darwin Kernel Version 16.6.0: Fri Apr 14 16:21:16 PDT 2017; root:xnu-3789.60.24~6/RELEASE_X86_64

/usr/bin/uname -p = i386
/bin/uname -X     = unknown

/bin/arch              = unknown
/usr/bin/arch -k       = unknown
/usr/convex/getsysinfo = unknown
/usr/bin/hostinfo      = Mach kernel version:
	 Darwin Kernel Version 16.6.0: Fri Apr 14 16:21:16 PDT 2017; root:xnu-3789.60.24~6/RELEASE_X86_64
Kernel configured for up to 8 processors.
4 processors are physically available.
8 processors are logically available.
Processor type: i486 (Intel 80486)
Processors active: 0 1 2 3 4 5 6 7
Primary memory available: 16.00 gigabytes
Default processor set: 525 tasks, 2893 threads, 8 processors
Load average: 2.99, Mach factor: 5.04
/bin/machine           = unknown
/usr/bin/oslevel       = unknown
/bin/universe          = unknown

PATH: /Users/jacobmenke/.rvm/gems/ruby-2.4.0/bin
PATH: /Users/jacobmenke/.rvm/gems/ruby-2.4.0@global/bin
PATH: /Users/jacobmenke/.rvm/rubies/ruby-2.4.0/bin
PATH: /Users/jacobmenke/.rvm/bin
PATH: /Users/jacobmenke/Documents/pythonScripts
PATH: /Users/jacobmenke/Documents/shellScripts/save-run
PATH: /Users/jacobmenke/.local/bin
PATH: /Users/jacobmenke/perl5/bin
PATH: Library/Frameworks/Python.framework/Versions/3.5/bin
PATH: /Users/jacobmenke/Documents/shellScripts
PATH: /usr/local/bin
PATH: /usr/bin
PATH: /bin
PATH: /usr/sbin
PATH: /sbin
PATH: /opt/X11/bin
PATH: /Library/Developer/CommandLineTools/usr/bin
PATH: /usr/local/sbin
PATH: .
PATH: /usr/local/lib/python2.7/site-packages/powerline/scripts/
PATH: /Users/jacobmenke/.cargo/bin
PATH: /Users/jacobmenke/Documents/pythonScripts
PATH: /Users/jacobmenke/Documents/shellScripts/save-run
PATH: /Users/jacobmenke/.local/bin
PATH: /Users/jacobmenke/perl5/bin
PATH: Library/Frameworks/Python.framework/Versions/3.5/bin
PATH: /Users/jacobmenke/Documents/shellScripts
PATH: /usr/local/bin
PATH: /usr/bin
PATH: /bin
PATH: /usr/sbin
PATH: /sbin
PATH: /opt/X11/bin
PATH: /Library/Developer/CommandLineTools/usr/bin
PATH: /usr/local/sbin
PATH: .
PATH: /usr/local/lib/python2.7/site-packages/powerline/scripts/


## ----------- ##
## Core tests. ##
## ----------- ##

configure:1885: checking build system type
configure:1903: result: i386-apple-darwin16.6.0
configure:1925: checking host system type
configure:1940: result: i386-apple-darwin16.6.0
configure:1962: checking target system type
configure:1977: result: i386-apple-darwin16.6.0
configure:2025: checking for a BSD-compatible install
configure:2093: result: /usr/local/bin/ginstall -c
configure:2104: checking whether build environment is sane
configure:2147: result: yes
configure:2178: checking for gawk
configure:2194: found /usr/local/bin/gawk
configure:2205: result: gawk
configure:2216: checking whether make sets $(MAKE)
configure:2238: result: yes
configure:2395: checking for gcc
configure:2411: found /usr/bin/gcc
configure:2422: result: gcc
configure:2654: checking for C compiler version
configure:2662: gcc --version >&5
Configured with: --prefix=/Applications/Xcode.app/Contents/Developer/usr --with-gxx-include-dir=/usr/include/c++/4.2.1
Apple LLVM version 8.1.0 (clang-802.0.42)
Target: x86_64-apple-darwin16.6.0
Thread model: posix
InstalledDir: /Applications/Xcode.app/Contents/Developer/Toolchains/XcodeDefault.xctoolchain/usr/bin
configure:2666: $? = 0
configure:2673: gcc -v >&5
Configured with: --prefix=/Applications/Xcode.app/Contents/Developer/usr --with-gxx-include-dir=/usr/include/c++/4.2.1
Apple LLVM version 8.1.0 (clang-802.0.42)
Target: x86_64-apple-darwin16.6.0
Thread model: posix
InstalledDir: /Applications/Xcode.app/Contents/Developer/Toolchains/XcodeDefault.xctoolchain/usr/bin
configure:2677: $? = 0
configure:2684: gcc -V >&5
clang: error: argument to '-V' is missing (expected 1 value)
clang: error: no input files
configure:2688: $? = 1
configure:2711: checking for C compiler default output file name
configure:2733: gcc    conftest.c  >&5
configure:2737: $? = 0
configure:2775: result: a.out
configure:2794: checking whether the C compiler works
configure:2804: ./a.out
configure:2808: $? = 0
configure:2827: result: yes
configure:2834: checking whether we are cross compiling
configure:2836: result: no
configure:2839: checking for suffix of executables
configure:2846: gcc -o conftest    conftest.c  >&5
configure:2850: $? = 0
configure:2876: result: 
configure:2882: checking for suffix of object files
configure:2908: gcc -c   conftest.c >&5
configure:2912: $? = 0
configure:2937: result: o
configure:2941: checking whether we are using the GNU C compiler
configure:2970: gcc -c   conftest.c >&5
configure:2977: $? = 0
configure:2994: result: yes
configure:3003: checking whether gcc accepts -g
configure:3033: gcc -c -g  conftest.c >&5
configure:3040: $? = 0
configure:3141: result: yes
configure:3158: checking for gcc option to accept ISO C89
configure:3232: gcc  -c -g -O2  conftest.c >&5
configure:3239: $? = 0
configure:3262: result: none needed
configure:3288: checking for style of include used by make
configure:3316: result: GNU
configure:3323: checking dependency style of gcc
configure:3385: result: gcc3
configure:3396: checking how to run the C preprocessor
configure:3436: gcc -E  conftest.c
configure:3443: $? = 0
configure:3474: gcc -E  conftest.c
conftest.c:11:10: fatal error: 'ac_nonexistent.h' file not found
#include <ac_nonexistent.h>
         ^
1 error generated.
configure:3481: $? = 1
configure: failed program was:
| /* confdefs.h.  */
| #define PACKAGE_NAME ""
| #define PACKAGE_TARNAME ""
| #define PACKAGE_VERSION ""
| #define PACKAGE_STRING ""
| #define PACKAGE_BUGREPORT ""
| #define PACKAGE "iftop"
| #define VERSION "1.0pre2"
| #define IFTOP_VERSION "1.0pre2"
| /* end confdefs.h.  */
| #include <ac_nonexistent.h>
configure:3514: result: gcc -E
configure:3543: gcc -E  conftest.c
configure:3550: $? = 0
configure:3581: gcc -E  conftest.c
conftest.c:11:10: fatal error: 'ac_nonexistent.h' file not found
#include <ac_nonexistent.h>
         ^
1 error generated.
configure:3588: $? = 1
configure: failed program was:
| /* confdefs.h.  */
| #define PACKAGE_NAME ""
| #define PACKAGE_TARNAME ""
| #define PACKAGE_VERSION ""
| #define PACKAGE_STRING ""
| #define PACKAGE_BUGREPORT ""
| #define PACKAGE "iftop"
| #define VERSION "1.0pre2"
| #define IFTOP_VERSION "1.0pre2"
| /* end confdefs.h.  */
| #include <ac_nonexistent.h>
configure:3628: checking for grep that handles long lines and -e
configure:3688: result: /usr/local/bin/ggrep
configure:3693: checking for egrep
configure:3757: result: /usr/local/bin/ggrep -E
configure:3762: checking for ANSI C header files
configure:3792: gcc -c -g -O2  conftest.c >&5
configure:3799: $? = 0
configure:3898: gcc -o conftest -g -O2   conftest.c  >&5
configure:3902: $? = 0
configure:3908: ./conftest
configure:3912: $? = 0
configure:3930: result: yes
configure:3975: checking for sys/types.h
configure:3996: gcc -c -g -O2  conftest.c >&5
configure:4003: $? = 0
configure:4020: result: yes
configure:3975: checking for sys/stat.h
configure:3996: gcc -c -g -O2  conftest.c >&5
configure:4003: $? = 0
configure:4020: result: yes
configure:3975: checking for stdlib.h
configure:3996: gcc -c -g -O2  conftest.c >&5
configure:4003: $? = 0
configure:4020: result: yes
configure:3975: checking for string.h
configure:3996: gcc -c -g -O2  conftest.c >&5
configure:4003: $? = 0
configure:4020: result: yes
configure:3975: checking for memory.h
configure:3996: gcc -c -g -O2  conftest.c >&5
configure:4003: $? = 0
configure:4020: result: yes
configure:3975: checking for strings.h
configure:3996: gcc -c -g -O2  conftest.c >&5
configure:4003: $? = 0
configure:4020: result: yes
configure:3975: checking for inttypes.h
configure:3996: gcc -c -g -O2  conftest.c >&5
configure:4003: $? = 0
configure:4020: result: yes
configure:3975: checking for stdint.h
configure:3996: gcc -c -g -O2  conftest.c >&5
configure:4003: $? = 0
configure:4020: result: yes
configure:3975: checking for unistd.h
configure:3996: gcc -c -g -O2  conftest.c >&5
configure:4003: $? = 0
configure:4020: result: yes
configure:4053: checking sys/ioctl.h usability
configure:4070: gcc -c -g -O2  conftest.c >&5
configure:4077: $? = 0
configure:4091: result: yes
configure:4095: checking sys/ioctl.h presence
configure:4110: gcc -E  conftest.c
configure:4117: $? = 0
configure:4131: result: yes
configure:4159: checking for sys/ioctl.h
configure:4168: result: yes
configure:4053: checking sys/time.h usability
configure:4070: gcc -c -g -O2  conftest.c >&5
configure:4077: $? = 0
configure:4091: result: yes
configure:4095: checking sys/time.h presence
configure:4110: gcc -E  conftest.c
configure:4117: $? = 0
configure:4131: result: yes
configure:4159: checking for sys/time.h
configure:4168: result: yes
configure:4053: checking sys/sockio.h usability
configure:4070: gcc -c -g -O2  conftest.c >&5
configure:4077: $? = 0
configure:4091: result: yes
configure:4095: checking sys/sockio.h presence
configure:4110: gcc -E  conftest.c
configure:4117: $? = 0
configure:4131: result: yes
configure:4159: checking for sys/sockio.h
configure:4168: result: yes
configure:4042: checking for unistd.h
configure:4049: result: yes
configure:4184: checking for an ANSI C-conforming const
configure:4259: gcc -c -g -O2  conftest.c >&5
configure:4266: $? = 0
configure:4281: result: yes
configure:4291: checking for size_t
configure:4319: gcc -c -g -O2  conftest.c >&5
configure:4326: $? = 0
configure:4353: gcc -c -g -O2  conftest.c >&5
conftest.c:61:21: error: expected expression
if (sizeof ((size_t)))
                    ^
1 error generated.
configure:4360: $? = 1
configure: failed program was:
| /* confdefs.h.  */
| #define PACKAGE_NAME ""
| #define PACKAGE_TARNAME ""
| #define PACKAGE_VERSION ""
| #define PACKAGE_STRING ""
| #define PACKAGE_BUGREPORT ""
| #define PACKAGE "iftop"
| #define VERSION "1.0pre2"
| #define IFTOP_VERSION "1.0pre2"
| #define STDC_HEADERS 1
| #define HAVE_SYS_TYPES_H 1
| #define HAVE_SYS_STAT_H 1
| #define HAVE_STDLIB_H 1
| #define HAVE_STRING_H 1
| #define HAVE_MEMORY_H 1
| #define HAVE_STRINGS_H 1
| #define HAVE_INTTYPES_H 1
| #define HAVE_STDINT_H 1
| #define HAVE_UNISTD_H 1
| #define HAVE_SYS_IOCTL_H 1
| #define HAVE_SYS_TIME_H 1
| #define HAVE_SYS_SOCKIO_H 1
| #define HAVE_UNISTD_H 1
| /* end confdefs.h.  */
| #include <stdio.h>
| #ifdef HAVE_SYS_TYPES_H
| # include <sys/types.h>
| #endif
| #ifdef HAVE_SYS_STAT_H
| # include <sys/stat.h>
| #endif
| #ifdef STDC_HEADERS
| # include <stdlib.h>
| # include <stddef.h>
| #else
| # ifdef HAVE_STDLIB_H
| #  include <stdlib.h>
| # endif
| #endif
| #ifdef HAVE_STRING_H
| # if !defined STDC_HEADERS && defined HAVE_MEMORY_H
| #  include <memory.h>
| # endif
| # include <string.h>
| #endif
| #ifdef HAVE_STRINGS_H
| # include <strings.h>
| #endif
| #ifdef HAVE_INTTYPES_H
| # include <inttypes.h>
| #endif
| #ifdef HAVE_STDINT_H
| # include <stdint.h>
| #endif
| #ifdef HAVE_UNISTD_H
| # include <unistd.h>
| #endif
| int
| main ()
| {
| if (sizeof ((size_t)))
| 	  return 0;
|   ;
|   return 0;
| }
configure:4383: result: yes
configure:4395: checking whether time.h and sys/time.h may both be included
configure:4425: gcc -c -g -O2  conftest.c >&5
configure:4432: $? = 0
configure:4447: result: yes
configure:4469: checking sys/dlpi.h usability
configure:4486: gcc -c -g -O2  conftest.c >&5
conftest.c:59:10: fatal error: 'sys/dlpi.h' file not found
#include <sys/dlpi.h>
         ^
1 error generated.
configure:4493: $? = 1
configure: failed program was:
| /* confdefs.h.  */
| #define PACKAGE_NAME ""
| #define PACKAGE_TARNAME ""
| #define PACKAGE_VERSION ""
| #define PACKAGE_STRING ""
| #define PACKAGE_BUGREPORT ""
| #define PACKAGE "iftop"
| #define VERSION "1.0pre2"
| #define IFTOP_VERSION "1.0pre2"
| #define STDC_HEADERS 1
| #define HAVE_SYS_TYPES_H 1
| #define HAVE_SYS_STAT_H 1
| #define HAVE_STDLIB_H 1
| #define HAVE_STRING_H 1
| #define HAVE_MEMORY_H 1
| #define HAVE_STRINGS_H 1
| #define HAVE_INTTYPES_H 1
| #define HAVE_STDINT_H 1
| #define HAVE_UNISTD_H 1
| #define HAVE_SYS_IOCTL_H 1
| #define HAVE_SYS_TIME_H 1
| #define HAVE_SYS_SOCKIO_H 1
| #define HAVE_UNISTD_H 1
| #define TIME_WITH_SYS_TIME 1
| /* end confdefs.h.  */
| #include <stdio.h>
| #ifdef HAVE_SYS_TYPES_H
| # include <sys/types.h>
| #endif
| #ifdef HAVE_SYS_STAT_H
| # include <sys/stat.h>
| #endif
| #ifdef STDC_HEADERS
| # include <stdlib.h>
| # include <stddef.h>
| #else
| # ifdef HAVE_STDLIB_H
| #  include <stdlib.h>
| # endif
| #endif
| #ifdef HAVE_STRING_H
| # if !defined STDC_HEADERS && defined HAVE_MEMORY_H
| #  include <memory.h>
| # endif
| # include <string.h>
| #endif
| #ifdef HAVE_STRINGS_H
| # include <strings.h>
| #endif
| #ifdef HAVE_INTTYPES_H
| # include <inttypes.h>
| #endif
| #ifdef HAVE_STDINT_H
| # include <stdint.h>
| #endif
| #ifdef HAVE_UNISTD_H
| # include <unistd.h>
| #endif
| #include <sys/dlpi.h>
configure:4507: result: no
configure:4511: checking sys/dlpi.h presence
configure:4526: gcc -E  conftest.c
conftest.c:26:10: fatal error: 'sys/dlpi.h' file not found
#include <sys/dlpi.h>
         ^
1 error generated.
configure:4533: $? = 1
configure: failed program was:
| /* confdefs.h.  */
| #define PACKAGE_NAME ""
| #define PACKAGE_TARNAME ""
| #define PACKAGE_VERSION ""
| #define PACKAGE_STRING ""
| #define PACKAGE_BUGREPORT ""
| #define PACKAGE "iftop"
| #define VERSION "1.0pre2"
| #define IFTOP_VERSION "1.0pre2"
| #define STDC_HEADERS 1
| #define HAVE_SYS_TYPES_H 1
| #define HAVE_SYS_STAT_H 1
| #define HAVE_STDLIB_H 1
| #define HAVE_STRING_H 1
| #define HAVE_MEMORY_H 1
| #define HAVE_STRINGS_H 1
| #define HAVE_INTTYPES_H 1
| #define HAVE_STDINT_H 1
| #define HAVE_UNISTD_H 1
| #define HAVE_SYS_IOCTL_H 1
| #define HAVE_SYS_TIME_H 1
| #define HAVE_SYS_SOCKIO_H 1
| #define HAVE_UNISTD_H 1
| #define TIME_WITH_SYS_TIME 1
| /* end confdefs.h.  */
| #include <sys/dlpi.h>
configure:4547: result: no
configure:4575: checking for sys/dlpi.h
configure:4582: result: no
configure:4604: checking for regcomp
configure:4660: gcc -o conftest -g -O2   conftest.c  >&5
configure:4667: $? = 0
configure:4689: result: yes
configure:4604: checking for select
configure:4660: gcc -o conftest -g -O2   conftest.c  >&5
configure:4667: $? = 0
configure:4689: result: yes
configure:4604: checking for strdup
configure:4660: gcc -o conftest -g -O2   conftest.c  >&5
conftest.c:51:6: warning: incompatible redeclaration of library function 'strdup' [-Wincompatible-library-redeclaration]
char strdup ();
     ^
conftest.c:51:6: note: 'strdup' is a builtin with type 'char *(const char *)'
1 warning generated.
configure:4667: $? = 0
configure:4689: result: yes
configure:4604: checking for strerror
configure:4660: gcc -o conftest -g -O2   conftest.c  >&5
conftest.c:52:6: warning: incompatible redeclaration of library function 'strerror' [-Wincompatible-library-redeclaration]
char strerror ();
     ^
conftest.c:52:6: note: 'strerror' is a builtin with type 'char *(int)'
1 warning generated.
configure:4667: $? = 0
configure:4689: result: yes
configure:4604: checking for strspn
configure:4660: gcc -o conftest -g -O2   conftest.c  >&5
conftest.c:53:6: warning: incompatible redeclaration of library function 'strspn' [-Wincompatible-library-redeclaration]
char strspn ();
     ^
conftest.c:53:6: note: 'strspn' is a builtin with type 'unsigned long (const char *, const char *)'
1 warning generated.
configure:4667: $? = 0
configure:4689: result: yes
configure:4702: checking for library containing socket
configure:4743: gcc -o conftest -g -O2   conftest.c  >&5
configure:4750: $? = 0
configure:4781: result: none required
configure:4789: checking for library containing log
configure:4830: gcc -o conftest -g -O2   conftest.c  >&5
conftest.c:38:6: warning: incompatible redeclaration of library function 'log' [-Wincompatible-library-redeclaration]
char log ();
     ^
conftest.c:38:6: note: 'log' is a builtin with type 'double (double)'
1 warning generated.
configure:4837: $? = 0
configure:4868: result: none required
configure:4876: checking for gethostbyname
configure:4932: gcc -o conftest -g -O2   conftest.c  >&5
configure:4939: $? = 0
configure:4959: result: yes
configure:5042: checking for library containing inet_aton
configure:5083: gcc -o conftest -g -O2   conftest.c  >&5
configure:5090: $? = 0
configure:5121: result: none required
configure:5129: checking for library containing inet_pton
configure:5170: gcc -o conftest -g -O2   conftest.c  >&5
configure:5177: $? = 0
configure:5208: result: none required
configure:5221: checking for inet_aton
configure:5277: gcc -o conftest -g -O2   conftest.c  >&5
configure:5284: $? = 0
configure:5306: result: yes
configure:5221: checking for inet_pton
configure:5277: gcc -o conftest -g -O2   conftest.c  >&5
configure:5284: $? = 0
configure:5306: result: yes
configure:5321: checking size of u_int8_t
configure:5349: gcc -o conftest -g -O2   conftest.c  >&5
conftest.c:7:13: warning: implicitly declaring library function 'exit' with type 'void (int) __attribute__((noreturn))' [-Wimplicit-function-declaration]
    if (!f) exit(1);
            ^
conftest.c:7:13: note: include the header <stdlib.h> or explicitly provide a declaration for 'exit'
conftest.c:8:31: error: use of undeclared identifier 'X'
    fprintf(f, "%d\n", sizeof(X));
                              ^
1 warning and 1 error generated.
configure:5353: $? = 1
configure: program exited with status 1
configure: failed program was:
| 
| #include <sys/types.h>
| #include <stdio.h>
| int main() {
|     u_int8_t dummy;
|     FILE *f=fopen("conftestval", "w");
|     if (!f) exit(1);
|     fprintf(f, "%d\n", sizeof(X));
|     exit(0);
| }
| 
configure:5379: result: unknown type
configure:5321: checking size of u_int16_t
configure:5349: gcc -o conftest -g -O2   conftest.c  >&5
conftest.c:7:13: warning: implicitly declaring library function 'exit' with type 'void (int) __attribute__((noreturn))' [-Wimplicit-function-declaration]
    if (!f) exit(1);
            ^
conftest.c:7:13: note: include the header <stdlib.h> or explicitly provide a declaration for 'exit'
conftest.c:8:31: error: use of undeclared identifier 'X'
    fprintf(f, "%d\n", sizeof(X));
                              ^
1 warning and 1 error generated.
configure:5353: $? = 1
configure: program exited with status 1
configure: failed program was:
| 
| #include <sys/types.h>
| #include <stdio.h>
| int main() {
|     u_int16_t dummy;
|     FILE *f=fopen("conftestval", "w");
|     if (!f) exit(1);
|     fprintf(f, "%d\n", sizeof(X));
|     exit(0);
| }
| 
configure:5379: result: unknown type
configure:5321: checking size of u_int32_t
configure:5349: gcc -o conftest -g -O2   conftest.c  >&5
conftest.c:7:13: warning: implicitly declaring library function 'exit' with type 'void (int) __attribute__((noreturn))' [-Wimplicit-function-declaration]
    if (!f) exit(1);
            ^
conftest.c:7:13: note: include the header <stdlib.h> or explicitly provide a declaration for 'exit'
conftest.c:8:31: error: use of undeclared identifier 'X'
    fprintf(f, "%d\n", sizeof(X));
                              ^
1 warning and 1 error generated.
configure:5353: $? = 1
configure: program exited with status 1
configure: failed program was:
| 
| #include <sys/types.h>
| #include <stdio.h>
| int main() {
|     u_int32_t dummy;
|     FILE *f=fopen("conftestval", "w");
|     if (!f) exit(1);
|     fprintf(f, "%d\n", sizeof(X));
|     exit(0);
| }
| 
configure:5379: result: unknown type
configure:5415: checking for stdint.h
configure:5422: result: yes
configure:6649: checking for library containing getnameinfo
configure:6690: gcc -o conftest -g -O2   conftest.c  >&5
configure:6697: $? = 0
configure:6728: result: none required
configure:6751: checking for library containing gethostbyaddr_r
configure:6792: gcc -o conftest -g -O2   conftest.c  >&5
Undefined symbols for architecture x86_64:
  "_gethostbyaddr_r", referenced from:
      _main in conftest-abf305.o
ld: symbol(s) not found for architecture x86_64
clang: error: linker command failed with exit code 1 (use -v to see invocation)
configure:6799: $? = 1
configure: failed program was:
| /* confdefs.h.  */
| #define PACKAGE_NAME ""
| #define PACKAGE_TARNAME ""
| #define PACKAGE_VERSION ""
| #define PACKAGE_STRING ""
| #define PACKAGE_BUGREPORT ""
| #define PACKAGE "iftop"
| #define VERSION "1.0pre2"
| #define IFTOP_VERSION "1.0pre2"
| #define STDC_HEADERS 1
| #define HAVE_SYS_TYPES_H 1
| #define HAVE_SYS_STAT_H 1
| #define HAVE_STDLIB_H 1
| #define HAVE_STRING_H 1
| #define HAVE_MEMORY_H 1
| #define HAVE_STRINGS_H 1
| #define HAVE_INTTYPES_H 1
| #define HAVE_STDINT_H 1
| #define HAVE_UNISTD_H 1
| #define HAVE_SYS_IOCTL_H 1
| #define HAVE_SYS_TIME_H 1
| #define HAVE_SYS_SOCKIO_H 1
| #define HAVE_UNISTD_H 1
| #define TIME_WITH_SYS_TIME 1
| #define HAVE_REGCOMP 1
| #define HAVE_SELECT 1
| #define HAVE_STRDUP 1
| #define HAVE_STRERROR 1
| #define HAVE_STRSPN 1
| #define HAVE_INET_ATON 1
| #define HAVE_INET_PTON 1
| #define SIZEOF_U_INT8_T 0
| #define SIZEOF_U_INT16_T 0
| #define SIZEOF_U_INT32_T 0
| #define HAVE_STDINT_H 1
| #define HAVE_C99_INTS 1
| /* end confdefs.h.  */
| 
| /* Override any GCC internal prototype to avoid an error.
|    Use char because int might match the return type of a GCC
|    builtin and then its argument prototype would still apply.  */
| #ifdef __cplusplus
| extern "C"
| #endif
| char gethostbyaddr_r ();
| int
| main ()
| {
| return gethostbyaddr_r ();
|   ;
|   return 0;
| }
configure:6792: gcc -o conftest -g -O2   conftest.c -lnsl   >&5
ld: library not found for -lnsl
clang: error: linker command failed with exit code 1 (use -v to see invocation)
configure:6799: $? = 1
configure: failed program was:
| /* confdefs.h.  */
| #define PACKAGE_NAME ""
| #define PACKAGE_TARNAME ""
| #define PACKAGE_VERSION ""
| #define PACKAGE_STRING ""
| #define PACKAGE_BUGREPORT ""
| #define PACKAGE "iftop"
| #define VERSION "1.0pre2"
| #define IFTOP_VERSION "1.0pre2"
| #define STDC_HEADERS 1
| #define HAVE_SYS_TYPES_H 1
| #define HAVE_SYS_STAT_H 1
| #define HAVE_STDLIB_H 1
| #define HAVE_STRING_H 1
| #define HAVE_MEMORY_H 1
| #define HAVE_STRINGS_H 1
| #define HAVE_INTTYPES_H 1
| #define HAVE_STDINT_H 1
| #define HAVE_UNISTD_H 1
| #define HAVE_SYS_IOCTL_H 1
| #define HAVE_SYS_TIME_H 1
| #define HAVE_SYS_SOCKIO_H 1
| #define HAVE_UNISTD_H 1
| #define TIME_WITH_SYS_TIME 1
| #define HAVE_REGCOMP 1
| #define HAVE_SELECT 1
| #define HAVE_STRDUP 1
| #define HAVE_STRERROR 1
| #define HAVE_STRSPN 1
| #define HAVE_INET_ATON 1
| #define HAVE_INET_PTON 1
| #define SIZEOF_U_INT8_T 0
| #define SIZEOF_U_INT16_T 0
| #define SIZEOF_U_INT32_T 0
| #define HAVE_STDINT_H 1
| #define HAVE_C99_INTS 1
| /* end confdefs.h.  */
| 
| /* Override any GCC internal prototype to avoid an error.
|    Use char because int might match the return type of a GCC
|    builtin and then its argument prototype would still apply.  */
| #ifdef __cplusplus
| extern "C"
| #endif
| char gethostbyaddr_r ();
| int
| main ()
| {
| return gethostbyaddr_r ();
|   ;
|   return 0;
| }
configure:6830: result: no
configure:7134: checking for library containing gethostbyaddr
configure:7175: gcc -o conftest -g -O2   conftest.c  >&5
configure:7182: $? = 0
configure:7213: result: none required
configure:7231: WARNING: using single-threaded resolver with gethostbyaddr
  Consider obtaining ARES or a machine with a working gethostbyaddr_r.
configure:7254: checking where to find pcap.h
configure:7278: gcc -E  conftest.c
configure:7285: $? = 0
configure:7291: result: /include
configure:7323: checking for pcap_open_live in -lpcap
configure:7358: gcc -o conftest -g -O2   conftest.c -lpcap   >&5
configure:7365: $? = 0
configure:7386: result: yes
configure:7425: checking pcap.h usability
configure:7442: gcc -c -g -O2  conftest.c >&5
configure:7449: $? = 0
configure:7463: result: yes
configure:7467: checking pcap.h presence
configure:7482: gcc -E  conftest.c
configure:7489: $? = 0
configure:7503: result: yes
configure:7531: checking for pcap.h
configure:7540: result: yes
configure:7568: checking for a curses library containing mvchgat
configure:7598: gcc -o conftest -g -O2   conftest.c -lpcap  -lncursesw >&5
ld: library not found for -lncursesw
clang: error: linker command failed with exit code 1 (use -v to see invocation)
configure:7605: $? = 1
configure: failed program was:
| /* confdefs.h.  */
| #define PACKAGE_NAME ""
| #define PACKAGE_TARNAME ""
| #define PACKAGE_VERSION ""
| #define PACKAGE_STRING ""
| #define PACKAGE_BUGREPORT ""
| #define PACKAGE "iftop"
| #define VERSION "1.0pre2"
| #define IFTOP_VERSION "1.0pre2"
| #define STDC_HEADERS 1
| #define HAVE_SYS_TYPES_H 1
| #define HAVE_SYS_STAT_H 1
| #define HAVE_STDLIB_H 1
| #define HAVE_STRING_H 1
| #define HAVE_MEMORY_H 1
| #define HAVE_STRINGS_H 1
| #define HAVE_INTTYPES_H 1
| #define HAVE_STDINT_H 1
| #define HAVE_UNISTD_H 1
| #define HAVE_SYS_IOCTL_H 1
| #define HAVE_SYS_TIME_H 1
| #define HAVE_SYS_SOCKIO_H 1
| #define HAVE_UNISTD_H 1
| #define TIME_WITH_SYS_TIME 1
| #define HAVE_REGCOMP 1
| #define HAVE_SELECT 1
| #define HAVE_STRDUP 1
| #define HAVE_STRERROR 1
| #define HAVE_STRSPN 1
| #define HAVE_INET_ATON 1
| #define HAVE_INET_PTON 1
| #define SIZEOF_U_INT8_T 0
| #define SIZEOF_U_INT16_T 0
| #define SIZEOF_U_INT32_T 0
| #define HAVE_STDINT_H 1
| #define HAVE_C99_INTS 1
| #define USE_GETHOSTBYADDR 1
| #define HAVE_LIBPCAP 1
| #define HAVE_PCAP_H 1
| /* end confdefs.h.  */
| 
| #include <curses.h>
| 
| int
| main ()
| {
| 
|         mvchgat(0, 0, 1, A_REVERSE, 0, NULL)
| 
|   ;
|   return 0;
| }
configure:7598: gcc -o conftest -g -O2   conftest.c -lpcap  -lcurses >&5
configure:7605: $? = 0
configure:7640: result: -lcurses
configure:7646: checking POSIX threads compilation
configure:7669: gcc -o conftest -g -O2    conftest.c -lpcap  -lcurses  >&5
configure:7676: $? = 0
configure:7716: result: CFLAGS= and LIBS=
configure:7718: checking POSIX threads usability
configure:7733: gcc -o conftest -g -O2    conftest.c -lpcap  -lcurses  >&5
configure:7737: $? = 0
configure:7743: ./conftest
configure:7747: $? = 0
configure:7749: result: yes
configure:7768: checking if we need to enable promiscuous mode by default
configure:7783: result: no
configure:7901: creating ./config.status

## ---------------------- ##
## Running config.status. ##
## ---------------------- ##

This file was extended by config.status, which was
generated by GNU Autoconf 2.63.  Invocation command line was

  CONFIG_FILES    = 
  CONFIG_HEADERS  = 
  CONFIG_LINKS    = 
  CONFIG_COMMANDS = 
  $ ./config.status 

on JakobMenke-Mac

config.status:794: creating Makefile
config.status:941: WARNING:  'Makefile.in' seems to ignore the --datarootdir setting
config.status:794: creating config/Makefile
config.status:941: WARNING:  'config/Makefile.in' seems to ignore the --datarootdir setting
config.status:794: creating config.h
config.status:1010: config.h is unchanged
config.status:1028: executing default-1 commands
configure:9124: WARNING:
******************************************************************************

This is a pre-release version.  Pre-releases are subject to limited
announcements, and therefore limited circulation, as a means of testing
the more widely circulated final releases.

Please do not be surprised if this release is broken, and if it is broken, do
not assume that someone else has spotted it.  Instead, please drop a note on
the mailing list, or a brief email to me on pdw@ex-parrot.com

Thank you for taking the time to be the testing phase of this development
process.

Paul Warren

******************************************************************************


## ---------------- ##
## Cache variables. ##
## ---------------- ##

ac_cv_build=i386-apple-darwin16.6.0
ac_cv_c_compiler_gnu=yes
ac_cv_c_const=yes
ac_cv_env_CC_set=
ac_cv_env_CC_value=
ac_cv_env_CFLAGS_set=
ac_cv_env_CFLAGS_value=
ac_cv_env_CPPFLAGS_set=
ac_cv_env_CPPFLAGS_value=
ac_cv_env_CPP_set=
ac_cv_env_CPP_value=
ac_cv_env_LDFLAGS_set=
ac_cv_env_LDFLAGS_value=
ac_cv_env_LIBS_set=
ac_cv_env_LIBS_value=
ac_cv_env_build_alias_set=
ac_cv_env_build_alias_value=
ac_cv_env_host_alias_set=
ac_cv_env_host_alias_value=
ac_cv_env_target_alias_set=
ac_cv_env_target_alias_value=
ac_cv_func_gethostbyname=yes
ac_cv_func_inet_aton=yes
ac_cv_func_inet_pton=yes
ac_cv_func_regcomp=yes
ac_cv_func_select=yes
ac_cv_func_strdup=yes
ac_cv_func_strerror=yes
ac_cv_func_strspn=yes
ac_cv_header_inttypes_h=yes
ac_cv_header_memory_h=yes
ac_cv_header_pcap_h=yes
ac_cv_header_stdc=yes
ac_cv_header_stdint_h=yes
ac_cv_header_stdlib_h=yes
ac_cv_header_string_h=yes
ac_cv_header_strings_h=yes
ac_cv_header_sys_dlpi_h=no
ac_cv_header_sys_ioctl_h=yes
ac_cv_header_sys_sockio_h=yes
ac_cv_header_sys_stat_h=yes
ac_cv_header_sys_time_h=yes
ac_cv_header_sys_types_h=yes
ac_cv_header_time=yes
ac_cv_header_unistd_h=yes
ac_cv_host=i386-apple-darwin16.6.0
ac_cv_lib_pcap_pcap_open_live=yes
ac_cv_objext=o
ac_cv_path_EGREP='/usr/local/bin/ggrep -E'
ac_cv_path_GREP=/usr/local/bin/ggrep
ac_cv_path_install='/usr/local/bin/ginstall -c'
ac_cv_prog_AWK=gawk
ac_cv_prog_CPP='gcc -E'
ac_cv_prog_ac_ct_CC=gcc
ac_cv_prog_cc_c89=
ac_cv_prog_cc_g=yes
ac_cv_prog_make_make_set=yes
ac_cv_search_gethostbyaddr='none required'
ac_cv_search_gethostbyaddr_r=no
ac_cv_search_getnameinfo='none required'
ac_cv_search_inet_aton='none required'
ac_cv_search_inet_pton='none required'
ac_cv_search_log='none required'
ac_cv_search_socket='none required'
ac_cv_target=i386-apple-darwin16.6.0
ac_cv_type_size_t=yes
am_cv_CC_dependencies_compiler_type=gcc3

## ----------------- ##
## Output variables. ##
## ----------------- ##

ACLOCAL='${SHELL} /Users/jacobmenke/Documents/forkedProjects/iftopcolor/config/missing --run aclocal-1.5'
AMDEPBACKSLASH='\'
AMDEP_FALSE='#'
AMDEP_TRUE=''
AMTAR='${SHELL} /Users/jacobmenke/Documents/forkedProjects/iftopcolor/config/missing --run tar'
AUTOCONF='${SHELL} /Users/jacobmenke/Documents/forkedProjects/iftopcolor/config/missing --run autoconf'
AUTOHEADER='${SHELL} /Users/jacobmenke/Documents/forkedProjects/iftopcolor/config/missing --run autoheader'
AUTOMAKE='${SHELL} /Users/jacobmenke/Documents/forkedProjects/iftopcolor/config/missing --run automake-1.5'
AWK='gawk'
CC='gcc'
CCDEPMODE='depmode=gcc3'
CFLAGS='-g -O2 '
CPP='gcc -E'
CPPFLAGS=''
DEFS='-DHAVE_CONFIG_H'
DEPDIR='.deps'
ECHO_C='\c'
ECHO_N=''
ECHO_T=''
EGREP='/usr/local/bin/ggrep -E'
EXEEXT=''
GREP='/usr/local/bin/ggrep'
INSTALL_DATA='${INSTALL} -m 644'
INSTALL_PROGRAM='${INSTALL}'
INSTALL_SCRIPT='${INSTALL}'
INSTALL_STRIP_PROGRAM='${SHELL} $(install_sh) -c -s'
LDFLAGS=''
LIBOBJS=''
LIBS='-lpcap  -lcurses '
LTLIBOBJS=''
MAKEINFO='${SHELL} /Users/jacobmenke/Documents/forkedProjects/iftopcolor/config/missing --run makeinfo'
OBJEXT='o'
PACKAGE='iftop'
PACKAGE_BUGREPORT=''
PACKAGE_NAME=''
PACKAGE_STRING=''
PACKAGE_TARNAME=''
PACKAGE_VERSION=''
PATH_SEPARATOR=':'
SET_MAKE=''
SHELL='/bin/sh'
VERSION='1.0pre2'
ac_aux_dir='config'
ac_ct_CC='gcc'
am__include='include'
am__quote=''
bindir='${exec_prefix}/bin'
build='i386-apple-darwin16.6.0'
build_alias=''
build_cpu='i386'
build_os='darwin16.6.0'
build_vendor='apple'
datadir='${datarootdir}'
datarootdir='${prefix}/share'
docdir='${datarootdir}/doc/${PACKAGE}'
dvidir='${docdir}'
exec_prefix='${prefix}'
host='i386-apple-darwin16.6.0'
host_alias=''
host_cpu='i386'
host_os='darwin16.6.0'
host_vendor='apple'
htmldir='${docdir}'
includedir='${prefix}/include'
infodir='${datarootdir}/info'
install_sh='/Users/jacobmenke/Documents/forkedProjects/iftopcolor/config/install-sh'
libdir='${exec_prefix}/lib'
libexecdir='${exec_prefix}/libexec'
localedir='${datarootdir}/locale'
localstatedir='${prefix}/var'
mandir='${datarootdir}/man'
oldincludedir='/usr/include'
pdfdir='${docdir}'
prefix='/usr/local'
program_transform_name='s,x,x,'
psdir='${docdir}'
sbindir='${exec_prefix}/sbin'
sharedstatedir='${prefix}/com'
sysconfdir='${prefix}/etc'
target='i386-apple-darwin16.6.0'
target_alias=''
target_cpu='i386'
target_os='darwin16.6.0'
target_vendor='apple'

## ----------- ##
## confdefs.h. ##
## ----------- ##

#define PACKAGE_NAME ""
#define PACKAGE_TARNAME ""
#define PACKAGE_VERSION ""
#define PACKAGE_STRING ""
#define PACKAGE_BUGREPORT ""
#define PACKAGE "iftop"
#define VERSION "1.0pre2"
#define IFTOP_VERSION "1.0pre2"
#define STDC_HEADERS 1
#define HAVE_SYS_TYPES_H 1
#define HAVE_SYS_STAT_H 1
#define HAVE_STDLIB_H 1
#define HAVE_STRING_H 1
#define HAVE_MEMORY_H 1
#define HAVE_STRINGS_H 1
#define HAVE_INTTYPES_H 1
#define HAVE_STDINT_H 1
#define HAVE_UNISTD_H 1
#define HAVE_SYS_IOCTL_H 1
#define HAVE_SYS_TIME_H 1
#define HAVE_SYS_SOCKIO_H 1
#define HAVE_UNISTD_H 1
#define TIME_WITH_SYS_TIME 1
#define HAVE_REGCOMP 1
#define HAVE_SELECT 1
#define HAVE_STRDUP 1
#define HAVE_STRERROR 1
#define HAVE_STRSPN 1
#define HAVE_INET_ATON 1
#define HAVE_INET_PTON 1
#define SIZEOF_U_INT8_T 0
#define SIZEOF_U_INT16_T 0
#define SIZEOF_U_INT32_T 0
#define HAVE_STDINT_H 1
#define HAVE_C99_INTS 1
#define USE_GETHOSTBYADDR 1
#define HAVE_LIBPCAP 1
#define HAVE_PCAP_H 1

configure: exit 0

## ---------------------- ##
## Running config.status. ##
## ---------------------- ##

This file was extended by config.status, which was
generated by GNU Autoconf 2.63.  Invocation command line was

  CONFIG_FILES    = 
  CONFIG_HEADERS  = config.h
  CONFIG_LINKS    = 
  CONFIG_COMMANDS = 
  $ ./config.status 

on JakobMenke-Mac

config.status:794: creating config.h
config.status:1010: config.h is unchanged
config.status:1028: executing default-1 commands
